<?xml version="1.0" encoding="UTF-8"?>
<!-- Generated by org.testng.reporters.JUnitReportReporter -->
<testsuite skipped="0" hostname="DESKTOP-H84T4ED" name="tests.TestsExamples" tests="1" failures="0" timestamp="13 Nov 2021 05:38:29 GMT" time="1.429" errors="0">
  <testcase name="checkResponse" time="1.429" classname="tests.TestsExamples"/>
</testsuite> <!-- tests.TestsExamples -->
