<?xml version="1.0" encoding="UTF-8"?>
<!-- Generated by org.testng.reporters.JUnitReportReporter -->
<testsuite skipped="0" hostname="DESKTOP-H84T4ED" name="tests.JSONSchemaValidator" tests="1" failures="0" timestamp="17 Nov 2021 22:39:12 GMT" time="1.923" errors="0">
  <testcase name="getReq" time="1.923" classname="tests.JSONSchemaValidator"/>
</testsuite> <!-- tests.JSONSchemaValidator -->
