<?xml version="1.0" encoding="UTF-8"?>
<!-- Generated by org.testng.reporters.JUnitReportReporter -->
<testsuite skipped="0" hostname="DESKTOP-H84T4ED" name="tests.GetPostRequests" tests="1" failures="0" timestamp="13 Nov 2021 06:04:32 GMT" time="1.345" errors="0">
  <testcase name="postReq" time="1.345" classname="tests.GetPostRequests"/>
</testsuite> <!-- tests.GetPostRequests -->
