<?xml version="1.0" encoding="UTF-8"?>
<!-- Generated by org.testng.reporters.JUnitReportReporter -->
<testsuite skipped="0" hostname="DESKTOP-H84T4ED" name="tests.PutPatchDelete" tests="1" failures="0" timestamp="13 Nov 2021 06:15:09 GMT" time="1.324" errors="0">
  <testcase name="testDelete" time="1.324" classname="tests.PutPatchDelete"/>
</testsuite> <!-- tests.PutPatchDelete -->
