<?xml version="1.0" encoding="UTF-8"?>
<!-- Generated by org.testng.reporters.JUnitReportReporter -->
<testsuite skipped="0" hostname="DESKTOP-H84T4ED" name="tests.GEtPostRequestsAPI" tests="1" failures="0" timestamp="17 Nov 2021 22:18:49 GMT" time="1.238" errors="0">
  <testcase name="deleteReq" time="1.238" classname="tests.GEtPostRequestsAPI"/>
</testsuite> <!-- tests.GEtPostRequestsAPI -->
